<?xml version="1.0" encoding="UTF-8"?>
<testsuite name="com.leveloper.test.springboot.web.HelloControllerTest" tests="2" skipped="0" failures="0" errors="0" timestamp="2020-01-10T08:56:29" hostname="Hanbyeolui-MacBook-Pro.local" time="0.09">
  <properties/>
  <testcase name="hello가_리턴된다" classname="com.leveloper.test.springboot.web.HelloControllerTest" time="0.026"/>
  <testcase name="helloDto가_리턴된다" classname="com.leveloper.test.springboot.web.HelloControllerTest" time="0.062"/>
  <system-out><![CDATA[2020-01-10 17:56:28.224  INFO 68668 --- [    Test worker] .b.t.a.w.s.WebMvcTestContextBootstrapper : Neither @ContextConfiguration nor @ContextHierarchy found for test class [com.leveloper.test.springboot.web.HelloControllerTest], using SpringBootContextLoader
2020-01-10 17:56:28.225  INFO 68668 --- [    Test worker] o.s.t.c.support.AbstractContextLoader    : Could not detect default resource locations for test class [com.leveloper.test.springboot.web.HelloControllerTest]: no resource found for suffixes {-context.xml, Context.groovy}.
2020-01-10 17:56:28.225  INFO 68668 --- [    Test worker] t.c.s.AnnotationConfigContextLoaderUtils : Could not detect default configuration classes for test class [com.leveloper.test.springboot.web.HelloControllerTest]: HelloControllerTest does not declare any static, non-private, non-final, nested classes annotated with @Configuration.
2020-01-10 17:56:28.240  INFO 68668 --- [    Test worker] .b.t.c.SpringBootTestContextBootstrapper : Found @SpringBootConfiguration com.leveloper.test.springboot.Application for test class com.leveloper.test.springboot.web.HelloControllerTest
2020-01-10 17:56:28.241  INFO 68668 --- [    Test worker] .b.t.a.w.s.WebMvcTestContextBootstrapper : Loaded default TestExecutionListener class names from location [META-INF/spring.factories]: [org.springframework.security.test.context.support.WithSecurityContextTestExecutionListener, org.springframework.security.test.context.support.ReactorContextTestExecutionListener, org.springframework.boot.test.autoconfigure.restdocs.RestDocsTestExecutionListener, org.springframework.boot.test.autoconfigure.web.client.MockRestServiceServerResetTestExecutionListener, org.springframework.boot.test.autoconfigure.web.servlet.MockMvcPrintOnlyOnFailureTestExecutionListener, org.springframework.boot.test.autoconfigure.web.servlet.WebDriverTestExecutionListener, org.springframework.boot.test.mock.mockito.MockitoTestExecutionListener, org.springframework.boot.test.mock.mockito.ResetMocksTestExecutionListener, org.springframework.test.context.web.ServletTestExecutionListener, org.springframework.test.context.support.DirtiesContextBeforeModesTestExecutionListener, org.springframework.test.context.support.DependencyInjectionTestExecutionListener, org.springframework.test.context.support.DirtiesContextTestExecutionListener, org.springframework.test.context.transaction.TransactionalTestExecutionListener, org.springframework.test.context.jdbc.SqlScriptsTestExecutionListener]
2020-01-10 17:56:28.242  INFO 68668 --- [    Test worker] .b.t.a.w.s.WebMvcTestContextBootstrapper : Using TestExecutionListeners: [org.springframework.test.context.web.ServletTestExecutionListener@1fa5094d, org.springframework.test.context.support.DirtiesContextBeforeModesTestExecutionListener@61fc8f7, org.springframework.boot.test.mock.mockito.MockitoTestExecutionListener@5bf6b051, org.springframework.boot.test.autoconfigure.SpringBootDependencyInjectionTestExecutionListener@798b8cb, org.springframework.test.context.support.DirtiesContextTestExecutionListener@30c03614, org.springframework.test.context.transaction.TransactionalTestExecutionListener@4860088b, org.springframework.test.context.jdbc.SqlScriptsTestExecutionListener@267a4dee, org.springframework.security.test.context.support.WithSecurityContextTestExecutionListener@64e6f70a, org.springframework.security.test.context.support.ReactorContextTestExecutionListener@55270d14, org.springframework.boot.test.autoconfigure.restdocs.RestDocsTestExecutionListener@1d4b736b, org.springframework.boot.test.autoconfigure.web.client.MockRestServiceServerResetTestExecutionListener@69aa5811, org.springframework.boot.test.autoconfigure.web.servlet.MockMvcPrintOnlyOnFailureTestExecutionListener@3a27bc89, org.springframework.boot.test.autoconfigure.web.servlet.WebDriverTestExecutionListener@57055974, org.springframework.boot.test.mock.mockito.ResetMocksTestExecutionListener@1193a8d4]

  .   ____          _            __ _ _
 /\\ / ___'_ __ _ _(_)_ __  __ _ \ \ \ \
( ( )\___ | '_ | '_| | '_ \/ _` | \ \ \ \
 \\/  ___)| |_)| | | | | || (_| |  ) ) ) )
  '  |____| .__|_| |_|_| |_\__, | / / / /
 =========|_|==============|___/=/_/_/_/
 :: Spring Boot ::        (v2.1.7.RELEASE)

2020-01-10 17:56:28.280  INFO 68668 --- [    Test worker] c.l.t.s.web.HelloControllerTest          : Starting HelloControllerTest on Hanbyeolui-MacBook-Pro.local with PID 68668 (started by sanghyun in /Users/sanghyun/project/spring_boot_tutorial)
2020-01-10 17:56:28.281  INFO 68668 --- [    Test worker] c.l.t.s.web.HelloControllerTest          : No active profile set, falling back to default profiles: default
2020-01-10 17:56:28.849  INFO 68668 --- [    Test worker] o.s.s.concurrent.ThreadPoolTaskExecutor  : Initializing ExecutorService 'applicationTaskExecutor'
2020-01-10 17:56:28.871  INFO 68668 --- [    Test worker] o.s.b.a.w.s.WelcomePageHandlerMapping    : Adding welcome page template: index
2020-01-10 17:56:29.029  INFO 68668 --- [    Test worker] .s.s.UserDetailsServiceAutoConfiguration : 

Using generated security password: fc2e62e0-9d19-499e-8033-60e10e4c85c3

2020-01-10 17:56:29.124  INFO 68668 --- [    Test worker] o.s.s.web.DefaultSecurityFilterChain     : Creating filter chain: any request, [org.springframework.security.web.context.request.async.WebAsyncManagerIntegrationFilter@5bf5f7f3, org.springframework.security.web.context.SecurityContextPersistenceFilter@17fd021a, org.springframework.security.web.header.HeaderWriterFilter@749f23fb, org.springframework.security.web.csrf.CsrfFilter@323107e3, org.springframework.security.web.authentication.logout.LogoutFilter@27b0a988, org.springframework.security.web.authentication.UsernamePasswordAuthenticationFilter@11cc2b50, org.springframework.security.web.authentication.ui.DefaultLoginPageGeneratingFilter@79d7d6b7, org.springframework.security.web.authentication.ui.DefaultLogoutPageGeneratingFilter@520b6379, org.springframework.security.web.authentication.www.BasicAuthenticationFilter@5b92c09e, org.springframework.security.web.savedrequest.RequestCacheAwareFilter@63026f1e, org.springframework.security.web.servletapi.SecurityContextHolderAwareRequestFilter@6e8f187e, org.springframework.security.web.authentication.AnonymousAuthenticationFilter@1f50cf96, org.springframework.security.web.session.SessionManagementFilter@4e2b2c94, org.springframework.security.web.access.ExceptionTranslationFilter@c6f0c8f, org.springframework.security.web.access.intercept.FilterSecurityInterceptor@6ffb43f6]
2020-01-10 17:56:29.139  INFO 68668 --- [    Test worker] o.s.b.t.m.w.SpringBootMockServletContext : Initializing Spring TestDispatcherServlet ''
2020-01-10 17:56:29.139  INFO 68668 --- [    Test worker] o.s.t.web.servlet.TestDispatcherServlet  : Initializing Servlet ''
2020-01-10 17:56:29.143  INFO 68668 --- [    Test worker] o.s.t.web.servlet.TestDispatcherServlet  : Completed initialization in 3 ms
2020-01-10 17:56:29.170  INFO 68668 --- [    Test worker] c.l.t.s.web.HelloControllerTest          : Started HelloControllerTest in 0.92 seconds (JVM running for 9.15)
]]></system-out>
  <system-err><![CDATA[]]></system-err>
</testsuite>
