<?xml version="1.0" encoding="UTF-8"?>
<testsuite name="com.leveloper.test.springboot.domain.posts.PostsRepositoryTest" tests="2" skipped="0" failures="0" errors="0" timestamp="2020-01-10T08:56:30" hostname="Hanbyeolui-MacBook-Pro.local" time="0.045">
  <properties/>
  <testcase name="게시글저장_불러오기" classname="com.leveloper.test.springboot.domain.posts.PostsRepositoryTest" time="0.027"/>
  <testcase name="BaseTimeEntity_등록" classname="com.leveloper.test.springboot.domain.posts.PostsRepositoryTest" time="0.017"/>
  <system-out><![CDATA[2020-01-10 17:56:29.574  INFO 68668 --- [    Test worker] .b.t.c.SpringBootTestContextBootstrapper : Neither @ContextConfiguration nor @ContextHierarchy found for test class [com.leveloper.test.springboot.domain.posts.PostsRepositoryTest], using SpringBootContextLoader
2020-01-10 17:56:29.575  INFO 68668 --- [    Test worker] o.s.t.c.support.AbstractContextLoader    : Could not detect default resource locations for test class [com.leveloper.test.springboot.domain.posts.PostsRepositoryTest]: no resource found for suffixes {-context.xml, Context.groovy}.
2020-01-10 17:56:29.575  INFO 68668 --- [    Test worker] t.c.s.AnnotationConfigContextLoaderUtils : Could not detect default configuration classes for test class [com.leveloper.test.springboot.domain.posts.PostsRepositoryTest]: PostsRepositoryTest does not declare any static, non-private, non-final, nested classes annotated with @Configuration.
2020-01-10 17:56:29.580  INFO 68668 --- [    Test worker] .b.t.c.SpringBootTestContextBootstrapper : Found @SpringBootConfiguration com.leveloper.test.springboot.Application for test class com.leveloper.test.springboot.domain.posts.PostsRepositoryTest
2020-01-10 17:56:29.581  INFO 68668 --- [    Test worker] .b.t.c.SpringBootTestContextBootstrapper : Loaded default TestExecutionListener class names from location [META-INF/spring.factories]: [org.springframework.security.test.context.support.WithSecurityContextTestExecutionListener, org.springframework.security.test.context.support.ReactorContextTestExecutionListener, org.springframework.boot.test.autoconfigure.restdocs.RestDocsTestExecutionListener, org.springframework.boot.test.autoconfigure.web.client.MockRestServiceServerResetTestExecutionListener, org.springframework.boot.test.autoconfigure.web.servlet.MockMvcPrintOnlyOnFailureTestExecutionListener, org.springframework.boot.test.autoconfigure.web.servlet.WebDriverTestExecutionListener, org.springframework.boot.test.mock.mockito.MockitoTestExecutionListener, org.springframework.boot.test.mock.mockito.ResetMocksTestExecutionListener, org.springframework.test.context.web.ServletTestExecutionListener, org.springframework.test.context.support.DirtiesContextBeforeModesTestExecutionListener, org.springframework.test.context.support.DependencyInjectionTestExecutionListener, org.springframework.test.context.support.DirtiesContextTestExecutionListener, org.springframework.test.context.transaction.TransactionalTestExecutionListener, org.springframework.test.context.jdbc.SqlScriptsTestExecutionListener]
2020-01-10 17:56:29.582  INFO 68668 --- [    Test worker] .b.t.c.SpringBootTestContextBootstrapper : Using TestExecutionListeners: [org.springframework.test.context.web.ServletTestExecutionListener@5744770a, org.springframework.test.context.support.DirtiesContextBeforeModesTestExecutionListener@8168882, org.springframework.boot.test.mock.mockito.MockitoTestExecutionListener@482e87e9, org.springframework.boot.test.autoconfigure.SpringBootDependencyInjectionTestExecutionListener@627af19b, org.springframework.test.context.support.DirtiesContextTestExecutionListener@167236f9, org.springframework.test.context.transaction.TransactionalTestExecutionListener@2a9cfe2d, org.springframework.test.context.jdbc.SqlScriptsTestExecutionListener@16b13558, org.springframework.security.test.context.support.WithSecurityContextTestExecutionListener@2372f83c, org.springframework.security.test.context.support.ReactorContextTestExecutionListener@2430d755, org.springframework.boot.test.autoconfigure.restdocs.RestDocsTestExecutionListener@69102868, org.springframework.boot.test.autoconfigure.web.client.MockRestServiceServerResetTestExecutionListener@7614cbe7, org.springframework.boot.test.autoconfigure.web.servlet.MockMvcPrintOnlyOnFailureTestExecutionListener@42936e01, org.springframework.boot.test.autoconfigure.web.servlet.WebDriverTestExecutionListener@60bb9379, org.springframework.boot.test.mock.mockito.ResetMocksTestExecutionListener@800b46e]

  .   ____          _            __ _ _
 /\\ / ___'_ __ _ _(_)_ __  __ _ \ \ \ \
( ( )\___ | '_ | '_| | '_ \/ _` | \ \ \ \
 \\/  ___)| |_)| | | | | || (_| |  ) ) ) )
  '  |____| .__|_| |_|_| |_\__, | / / / /
 =========|_|==============|___/=/_/_/_/
 :: Spring Boot ::        (v2.1.7.RELEASE)

2020-01-10 17:56:29.599  INFO 68668 --- [    Test worker] c.l.t.s.d.posts.PostsRepositoryTest      : Starting PostsRepositoryTest on Hanbyeolui-MacBook-Pro.local with PID 68668 (started by sanghyun in /Users/sanghyun/project/spring_boot_tutorial)
2020-01-10 17:56:29.599  INFO 68668 --- [    Test worker] c.l.t.s.d.posts.PostsRepositoryTest      : No active profile set, falling back to default profiles: default
2020-01-10 17:56:29.774  INFO 68668 --- [    Test worker] .s.d.r.c.RepositoryConfigurationDelegate : Bootstrapping Spring Data repositories in DEFAULT mode.
2020-01-10 17:56:29.784  INFO 68668 --- [    Test worker] .s.d.r.c.RepositoryConfigurationDelegate : Finished Spring Data repository scanning in 10ms. Found 2 repository interfaces.
2020-01-10 17:56:29.871  INFO 68668 --- [    Test worker] trationDelegate$BeanPostProcessorChecker : Bean 'org.springframework.transaction.annotation.ProxyTransactionManagementConfiguration' of type [org.springframework.transaction.annotation.ProxyTransactionManagementConfiguration$$EnhancerBySpringCGLIB$$e8ed81d7] is not eligible for getting processed by all BeanPostProcessors (for example: not eligible for auto-proxying)
2020-01-10 17:56:29.962  INFO 68668 --- [    Test worker] com.zaxxer.hikari.HikariDataSource       : HikariPool-2 - Starting...
2020-01-10 17:56:29.963  INFO 68668 --- [    Test worker] com.zaxxer.hikari.HikariDataSource       : HikariPool-2 - Start completed.
2020-01-10 17:56:29.979  INFO 68668 --- [    Test worker] o.hibernate.jpa.internal.util.LogHelper  : HHH000204: Processing PersistenceUnitInfo [
	name: default
	...]
2020-01-10 17:56:29.983  INFO 68668 --- [    Test worker] org.hibernate.dialect.Dialect            : HHH000400: Using dialect: org.hibernate.dialect.MySQL5InnoDBDialect
Hibernate: drop table if exists posts
Hibernate: drop table if exists user
Hibernate: create table posts (id bigint not null auto_increment, create_date datetime, modified_date datetime, author varchar(255), content TEXT not null, title varchar(500) not null, primary key (id)) engine=InnoDB
Hibernate: create table user (id bigint not null auto_increment, create_date datetime, modified_date datetime, email varchar(255) not null, name varchar(255) not null, picture varchar(255), role varchar(255) not null, primary key (id)) engine=InnoDB
2020-01-10 17:56:30.025  INFO 68668 --- [    Test worker] o.h.t.schema.internal.SchemaCreatorImpl  : HHH000476: Executing import script 'org.hibernate.tool.schema.internal.exec.ScriptSourceInputNonExistentImpl@782db8f1'
2020-01-10 17:56:30.025  INFO 68668 --- [    Test worker] j.LocalContainerEntityManagerFactoryBean : Initialized JPA EntityManagerFactory for persistence unit 'default'
2020-01-10 17:56:30.166  INFO 68668 --- [    Test worker] o.h.h.i.QueryTranslatorFactoryInitiator  : HHH000397: Using ASTQueryTranslatorFactory
2020-01-10 17:56:30.264  INFO 68668 --- [    Test worker] o.s.s.web.DefaultSecurityFilterChain     : Creating filter chain: any request, [org.springframework.security.web.context.request.async.WebAsyncManagerIntegrationFilter@65a26752, org.springframework.security.web.context.SecurityContextPersistenceFilter@699f4579, org.springframework.security.web.header.HeaderWriterFilter@2d4e540d, org.springframework.security.web.authentication.logout.LogoutFilter@5c60a3aa, org.springframework.security.oauth2.client.web.OAuth2AuthorizationRequestRedirectFilter@471d8e98, org.springframework.security.oauth2.client.web.OAuth2LoginAuthenticationFilter@66663268, org.springframework.security.web.authentication.ui.DefaultLoginPageGeneratingFilter@4f4783b6, org.springframework.security.web.authentication.ui.DefaultLogoutPageGeneratingFilter@2dc6fc08, org.springframework.security.web.savedrequest.RequestCacheAwareFilter@81bb532, org.springframework.security.web.servletapi.SecurityContextHolderAwareRequestFilter@57aa7600, org.springframework.security.web.authentication.AnonymousAuthenticationFilter@684ce66, org.springframework.security.web.session.SessionManagementFilter@2667d259, org.springframework.security.web.access.ExceptionTranslationFilter@75a298e0, org.springframework.security.web.access.intercept.FilterSecurityInterceptor@7c368345]
2020-01-10 17:56:30.461  INFO 68668 --- [    Test worker] o.s.s.concurrent.ThreadPoolTaskExecutor  : Initializing ExecutorService 'applicationTaskExecutor'
2020-01-10 17:56:30.469  WARN 68668 --- [    Test worker] aWebConfiguration$JpaWebMvcConfiguration : spring.jpa.open-in-view is enabled by default. Therefore, database queries may be performed during view rendering. Explicitly configure spring.jpa.open-in-view to disable this warning
2020-01-10 17:56:30.494  INFO 68668 --- [    Test worker] o.s.b.a.w.s.WelcomePageHandlerMapping    : Adding welcome page template: index
2020-01-10 17:56:30.760  INFO 68668 --- [    Test worker] s.a.ScheduledAnnotationBeanPostProcessor : No TaskScheduler/ScheduledExecutorService bean found for scheduled processing
2020-01-10 17:56:30.763  INFO 68668 --- [    Test worker] c.l.t.s.d.posts.PostsRepositoryTest      : Started PostsRepositoryTest in 1.18 seconds (JVM running for 10.743)
Hibernate: insert into posts (create_date, modified_date, author, content, title) values (?, ?, ?, ?, ?)
Hibernate: select posts0_.id as id1_0_, posts0_.create_date as create_d2_0_, posts0_.modified_date as modified3_0_, posts0_.author as author4_0_, posts0_.content as content5_0_, posts0_.title as title6_0_ from posts posts0_
Hibernate: select posts0_.id as id1_0_, posts0_.create_date as create_d2_0_, posts0_.modified_date as modified3_0_, posts0_.author as author4_0_, posts0_.content as content5_0_, posts0_.title as title6_0_ from posts posts0_
Hibernate: delete from posts where id=?
Hibernate: insert into posts (create_date, modified_date, author, content, title) values (?, ?, ?, ?, ?)
Hibernate: select posts0_.id as id1_0_, posts0_.create_date as create_d2_0_, posts0_.modified_date as modified3_0_, posts0_.author as author4_0_, posts0_.content as content5_0_, posts0_.title as title6_0_ from posts posts0_
>>>>>>>>>> createDate = 2020-01-10T17:56:30.802062, modifiedDate = 2020-01-10T17:56:30.802062
Hibernate: select posts0_.id as id1_0_, posts0_.create_date as create_d2_0_, posts0_.modified_date as modified3_0_, posts0_.author as author4_0_, posts0_.content as content5_0_, posts0_.title as title6_0_ from posts posts0_
Hibernate: delete from posts where id=?
]]></system-out>
  <system-err><![CDATA[]]></system-err>
</testsuite>
