<?xml version="1.0" encoding="UTF-8"?>
<testsuite name="com.leveloper.test.springboot.web.IndexControllerTest" tests="1" skipped="0" failures="0" errors="0" timestamp="2020-01-10T08:10:49" hostname="Hanbyeolui-MacBook-Pro.local" time="0.086">
  <properties/>
  <testcase name="메인페이지_로딩" classname="com.leveloper.test.springboot.web.IndexControllerTest" time="0.086"/>
  <system-out><![CDATA[2020-01-10 17:10:49.580  INFO 59885 --- [    Test worker] .b.t.c.SpringBootTestContextBootstrapper : Neither @ContextConfiguration nor @ContextHierarchy found for test class [com.leveloper.test.springboot.web.IndexControllerTest], using SpringBootContextLoader
2020-01-10 17:10:49.581  INFO 59885 --- [    Test worker] o.s.t.c.support.AbstractContextLoader    : Could not detect default resource locations for test class [com.leveloper.test.springboot.web.IndexControllerTest]: no resource found for suffixes {-context.xml, Context.groovy}.
2020-01-10 17:10:49.581  INFO 59885 --- [    Test worker] t.c.s.AnnotationConfigContextLoaderUtils : Could not detect default configuration classes for test class [com.leveloper.test.springboot.web.IndexControllerTest]: IndexControllerTest does not declare any static, non-private, non-final, nested classes annotated with @Configuration.
2020-01-10 17:10:49.584  INFO 59885 --- [    Test worker] .b.t.c.SpringBootTestContextBootstrapper : Found @SpringBootConfiguration com.leveloper.test.springboot.Application for test class com.leveloper.test.springboot.web.IndexControllerTest
2020-01-10 17:10:49.586  INFO 59885 --- [    Test worker] .b.t.c.SpringBootTestContextBootstrapper : Loaded default TestExecutionListener class names from location [META-INF/spring.factories]: [org.springframework.security.test.context.support.WithSecurityContextTestExecutionListener, org.springframework.security.test.context.support.ReactorContextTestExecutionListener, org.springframework.boot.test.autoconfigure.restdocs.RestDocsTestExecutionListener, org.springframework.boot.test.autoconfigure.web.client.MockRestServiceServerResetTestExecutionListener, org.springframework.boot.test.autoconfigure.web.servlet.MockMvcPrintOnlyOnFailureTestExecutionListener, org.springframework.boot.test.autoconfigure.web.servlet.WebDriverTestExecutionListener, org.springframework.boot.test.mock.mockito.MockitoTestExecutionListener, org.springframework.boot.test.mock.mockito.ResetMocksTestExecutionListener, org.springframework.test.context.web.ServletTestExecutionListener, org.springframework.test.context.support.DirtiesContextBeforeModesTestExecutionListener, org.springframework.test.context.support.DependencyInjectionTestExecutionListener, org.springframework.test.context.support.DirtiesContextTestExecutionListener, org.springframework.test.context.transaction.TransactionalTestExecutionListener, org.springframework.test.context.jdbc.SqlScriptsTestExecutionListener]
2020-01-10 17:10:49.587  INFO 59885 --- [    Test worker] .b.t.c.SpringBootTestContextBootstrapper : Using TestExecutionListeners: [org.springframework.test.context.web.ServletTestExecutionListener@5b410894, org.springframework.test.context.support.DirtiesContextBeforeModesTestExecutionListener@6e2d9b48, org.springframework.boot.test.mock.mockito.MockitoTestExecutionListener@4740e8c3, org.springframework.boot.test.autoconfigure.SpringBootDependencyInjectionTestExecutionListener@8608ec7, org.springframework.test.context.support.DirtiesContextTestExecutionListener@5bb622f7, org.springframework.test.context.transaction.TransactionalTestExecutionListener@59431512, org.springframework.test.context.jdbc.SqlScriptsTestExecutionListener@1905f809, org.springframework.security.test.context.support.WithSecurityContextTestExecutionListener@151f4b58, org.springframework.security.test.context.support.ReactorContextTestExecutionListener@7fd46296, org.springframework.boot.test.autoconfigure.restdocs.RestDocsTestExecutionListener@3efe13fb, org.springframework.boot.test.autoconfigure.web.client.MockRestServiceServerResetTestExecutionListener@88d619d, org.springframework.boot.test.autoconfigure.web.servlet.MockMvcPrintOnlyOnFailureTestExecutionListener@67a7be5f, org.springframework.boot.test.autoconfigure.web.servlet.WebDriverTestExecutionListener@3b3bb0ef, org.springframework.boot.test.mock.mockito.ResetMocksTestExecutionListener@75940db8]
Hibernate: select posts0_.id as id1_0_, posts0_.create_date as create_d2_0_, posts0_.modified_date as modified3_0_, posts0_.author as author4_0_, posts0_.content as content5_0_, posts0_.title as title6_0_ from posts posts0_ order by posts0_.id DESC
]]></system-out>
  <system-err><![CDATA[]]></system-err>
</testsuite>
