<?xml version="1.0" encoding="UTF-8"?>
<testsuite name="com.leveloper.test.springboot.web.HelloControllerTest" tests="2" skipped="0" failures="0" errors="0" timestamp="2020-01-10T08:10:49" hostname="Hanbyeolui-MacBook-Pro.local" time="0.1">
  <properties/>
  <testcase name="hello가_리턴된다" classname="com.leveloper.test.springboot.web.HelloControllerTest" time="0.023"/>
  <testcase name="helloDto가_리턴된다" classname="com.leveloper.test.springboot.web.HelloControllerTest" time="0.075"/>
  <system-out><![CDATA[2020-01-10 17:10:48.842  INFO 59885 --- [    Test worker] .b.t.a.w.s.WebMvcTestContextBootstrapper : Neither @ContextConfiguration nor @ContextHierarchy found for test class [com.leveloper.test.springboot.web.HelloControllerTest], using SpringBootContextLoader
2020-01-10 17:10:48.843  INFO 59885 --- [    Test worker] o.s.t.c.support.AbstractContextLoader    : Could not detect default resource locations for test class [com.leveloper.test.springboot.web.HelloControllerTest]: no resource found for suffixes {-context.xml, Context.groovy}.
2020-01-10 17:10:48.843  INFO 59885 --- [    Test worker] t.c.s.AnnotationConfigContextLoaderUtils : Could not detect default configuration classes for test class [com.leveloper.test.springboot.web.HelloControllerTest]: HelloControllerTest does not declare any static, non-private, non-final, nested classes annotated with @Configuration.
2020-01-10 17:10:48.862  INFO 59885 --- [    Test worker] .b.t.c.SpringBootTestContextBootstrapper : Found @SpringBootConfiguration com.leveloper.test.springboot.Application for test class com.leveloper.test.springboot.web.HelloControllerTest
2020-01-10 17:10:48.863  INFO 59885 --- [    Test worker] .b.t.a.w.s.WebMvcTestContextBootstrapper : Loaded default TestExecutionListener class names from location [META-INF/spring.factories]: [org.springframework.security.test.context.support.WithSecurityContextTestExecutionListener, org.springframework.security.test.context.support.ReactorContextTestExecutionListener, org.springframework.boot.test.autoconfigure.restdocs.RestDocsTestExecutionListener, org.springframework.boot.test.autoconfigure.web.client.MockRestServiceServerResetTestExecutionListener, org.springframework.boot.test.autoconfigure.web.servlet.MockMvcPrintOnlyOnFailureTestExecutionListener, org.springframework.boot.test.autoconfigure.web.servlet.WebDriverTestExecutionListener, org.springframework.boot.test.mock.mockito.MockitoTestExecutionListener, org.springframework.boot.test.mock.mockito.ResetMocksTestExecutionListener, org.springframework.test.context.web.ServletTestExecutionListener, org.springframework.test.context.support.DirtiesContextBeforeModesTestExecutionListener, org.springframework.test.context.support.DependencyInjectionTestExecutionListener, org.springframework.test.context.support.DirtiesContextTestExecutionListener, org.springframework.test.context.transaction.TransactionalTestExecutionListener, org.springframework.test.context.jdbc.SqlScriptsTestExecutionListener]
2020-01-10 17:10:48.864  INFO 59885 --- [    Test worker] .b.t.a.w.s.WebMvcTestContextBootstrapper : Using TestExecutionListeners: [org.springframework.test.context.web.ServletTestExecutionListener@6dc005f0, org.springframework.test.context.support.DirtiesContextBeforeModesTestExecutionListener@531c5cf1, org.springframework.boot.test.mock.mockito.MockitoTestExecutionListener@7e2a9c7c, org.springframework.boot.test.autoconfigure.SpringBootDependencyInjectionTestExecutionListener@58f99fc8, org.springframework.test.context.support.DirtiesContextTestExecutionListener@35fbeea2, org.springframework.test.context.transaction.TransactionalTestExecutionListener@4b1c738, org.springframework.test.context.jdbc.SqlScriptsTestExecutionListener@2e5262ae, org.springframework.security.test.context.support.WithSecurityContextTestExecutionListener@3a41af73, org.springframework.security.test.context.support.ReactorContextTestExecutionListener@5025c867, org.springframework.boot.test.autoconfigure.restdocs.RestDocsTestExecutionListener@5aa74d5c, org.springframework.boot.test.autoconfigure.web.client.MockRestServiceServerResetTestExecutionListener@67dd13b4, org.springframework.boot.test.autoconfigure.web.servlet.MockMvcPrintOnlyOnFailureTestExecutionListener@5050120b, org.springframework.boot.test.autoconfigure.web.servlet.WebDriverTestExecutionListener@2e489e96, org.springframework.boot.test.mock.mockito.ResetMocksTestExecutionListener@4ee5ebae]

  .   ____          _            __ _ _
 /\\ / ___'_ __ _ _(_)_ __  __ _ \ \ \ \
( ( )\___ | '_ | '_| | '_ \/ _` | \ \ \ \
 \\/  ___)| |_)| | | | | || (_| |  ) ) ) )
  '  |____| .__|_| |_|_| |_\__, | / / / /
 =========|_|==============|___/=/_/_/_/
 :: Spring Boot ::        (v2.1.7.RELEASE)

2020-01-10 17:10:48.889  INFO 59885 --- [    Test worker] c.l.t.s.web.HelloControllerTest          : Starting HelloControllerTest on Hanbyeolui-MacBook-Pro.local with PID 59885 (started by sanghyun in /Users/sanghyun/project/spring_boot_tutorial)
2020-01-10 17:10:48.890  INFO 59885 --- [    Test worker] c.l.t.s.web.HelloControllerTest          : No active profile set, falling back to default profiles: default
2020-01-10 17:10:49.207  INFO 59885 --- [    Test worker] o.s.s.concurrent.ThreadPoolTaskExecutor  : Initializing ExecutorService 'applicationTaskExecutor'
2020-01-10 17:10:49.230  INFO 59885 --- [    Test worker] o.s.b.a.w.s.WelcomePageHandlerMapping    : Adding welcome page template: index
2020-01-10 17:10:49.357  INFO 59885 --- [    Test worker] .s.s.UserDetailsServiceAutoConfiguration : 

Using generated security password: cc97d1f2-2758-4a97-9c09-8606faab791a

2020-01-10 17:10:49.436  INFO 59885 --- [    Test worker] o.s.s.web.DefaultSecurityFilterChain     : Creating filter chain: any request, [org.springframework.security.web.context.request.async.WebAsyncManagerIntegrationFilter@52508e2, org.springframework.security.web.context.SecurityContextPersistenceFilter@79df434f, org.springframework.security.web.header.HeaderWriterFilter@792a984a, org.springframework.security.web.csrf.CsrfFilter@625fc379, org.springframework.security.web.authentication.logout.LogoutFilter@75b2b802, org.springframework.security.web.authentication.UsernamePasswordAuthenticationFilter@3d24f38, org.springframework.security.web.authentication.ui.DefaultLoginPageGeneratingFilter@10ee53af, org.springframework.security.web.authentication.ui.DefaultLogoutPageGeneratingFilter@122f1b69, org.springframework.security.web.authentication.www.BasicAuthenticationFilter@4251bbeb, org.springframework.security.web.savedrequest.RequestCacheAwareFilter@4eeaf4b8, org.springframework.security.web.servletapi.SecurityContextHolderAwareRequestFilter@63afcde7, org.springframework.security.web.authentication.AnonymousAuthenticationFilter@5dee6424, org.springframework.security.web.session.SessionManagementFilter@65f2c81d, org.springframework.security.web.access.ExceptionTranslationFilter@3bd19a66, org.springframework.security.web.access.intercept.FilterSecurityInterceptor@372b0337]
2020-01-10 17:10:49.451  INFO 59885 --- [    Test worker] o.s.b.t.m.w.SpringBootMockServletContext : Initializing Spring TestDispatcherServlet ''
2020-01-10 17:10:49.452  INFO 59885 --- [    Test worker] o.s.t.web.servlet.TestDispatcherServlet  : Initializing Servlet ''
2020-01-10 17:10:49.455  INFO 59885 --- [    Test worker] o.s.t.web.servlet.TestDispatcherServlet  : Completed initialization in 3 ms
2020-01-10 17:10:49.474  INFO 59885 --- [    Test worker] c.l.t.s.web.HelloControllerTest          : Started HelloControllerTest in 0.602 seconds (JVM running for 7.758)
]]></system-out>
  <system-err><![CDATA[]]></system-err>
</testsuite>
