<?xml version="1.0" encoding="UTF-8"?>
<testsuite name="com.leveloper.test.springboot.web.HelloControllerTest" tests="2" skipped="0" failures="0" errors="0" timestamp="2020-01-08T07:59:47" hostname="Hanbyeolui-MacBook-Pro.local" time="0.455">
  <properties/>
  <testcase name="hello가_리턴된다" classname="com.leveloper.test.springboot.web.HelloControllerTest" time="0.397"/>
  <testcase name="helloDto가_리턴된다" classname="com.leveloper.test.springboot.web.HelloControllerTest" time="0.057"/>
  <system-out><![CDATA[16:59:44.439 [Test worker] DEBUG org.springframework.test.context.junit4.SpringJUnit4ClassRunner - SpringJUnit4ClassRunner constructor called with [class com.leveloper.test.springboot.web.HelloControllerTest]
16:59:44.444 [Test worker] DEBUG org.springframework.test.context.BootstrapUtils - Instantiating CacheAwareContextLoaderDelegate from class [org.springframework.test.context.cache.DefaultCacheAwareContextLoaderDelegate]
16:59:44.451 [Test worker] DEBUG org.springframework.test.context.BootstrapUtils - Instantiating BootstrapContext using constructor [public org.springframework.test.context.support.DefaultBootstrapContext(java.lang.Class,org.springframework.test.context.CacheAwareContextLoaderDelegate)]
16:59:44.468 [Test worker] DEBUG org.springframework.test.context.BootstrapUtils - Instantiating TestContextBootstrapper for test class [com.leveloper.test.springboot.web.HelloControllerTest] from class [org.springframework.boot.test.autoconfigure.web.servlet.WebMvcTestContextBootstrapper]
16:59:44.486 [Test worker] INFO org.springframework.boot.test.autoconfigure.web.servlet.WebMvcTestContextBootstrapper - Neither @ContextConfiguration nor @ContextHierarchy found for test class [com.leveloper.test.springboot.web.HelloControllerTest], using SpringBootContextLoader
16:59:44.489 [Test worker] DEBUG org.springframework.test.context.support.AbstractContextLoader - Did not detect default resource location for test class [com.leveloper.test.springboot.web.HelloControllerTest]: class path resource [com/leveloper/test/springboot/web/HelloControllerTest-context.xml] does not exist
16:59:44.490 [Test worker] DEBUG org.springframework.test.context.support.AbstractContextLoader - Did not detect default resource location for test class [com.leveloper.test.springboot.web.HelloControllerTest]: class path resource [com/leveloper/test/springboot/web/HelloControllerTestContext.groovy] does not exist
16:59:44.490 [Test worker] INFO org.springframework.test.context.support.AbstractContextLoader - Could not detect default resource locations for test class [com.leveloper.test.springboot.web.HelloControllerTest]: no resource found for suffixes {-context.xml, Context.groovy}.
16:59:44.491 [Test worker] INFO org.springframework.test.context.support.AnnotationConfigContextLoaderUtils - Could not detect default configuration classes for test class [com.leveloper.test.springboot.web.HelloControllerTest]: HelloControllerTest does not declare any static, non-private, non-final, nested classes annotated with @Configuration.
16:59:44.555 [Test worker] DEBUG org.springframework.test.context.support.ActiveProfilesUtils - Could not find an 'annotation declaring class' for annotation type [org.springframework.test.context.ActiveProfiles] and class [com.leveloper.test.springboot.web.HelloControllerTest]
16:59:44.626 [Test worker] DEBUG org.springframework.context.annotation.ClassPathScanningCandidateComponentProvider - Identified candidate component class: file [/Users/sanghyun/project/spring_boot_tutorial/build/classes/java/main/com/leveloper/test/springboot/Application.class]
16:59:44.627 [Test worker] INFO org.springframework.boot.test.context.SpringBootTestContextBootstrapper - Found @SpringBootConfiguration com.leveloper.test.springboot.Application for test class com.leveloper.test.springboot.web.HelloControllerTest
16:59:44.629 [Test worker] DEBUG org.springframework.boot.test.autoconfigure.web.servlet.WebMvcTestContextBootstrapper - @TestExecutionListeners is not present for class [com.leveloper.test.springboot.web.HelloControllerTest]: using defaults.
16:59:44.629 [Test worker] INFO org.springframework.boot.test.autoconfigure.web.servlet.WebMvcTestContextBootstrapper - Loaded default TestExecutionListener class names from location [META-INF/spring.factories]: [org.springframework.security.test.context.support.WithSecurityContextTestExecutionListener, org.springframework.security.test.context.support.ReactorContextTestExecutionListener, org.springframework.boot.test.autoconfigure.restdocs.RestDocsTestExecutionListener, org.springframework.boot.test.autoconfigure.web.client.MockRestServiceServerResetTestExecutionListener, org.springframework.boot.test.autoconfigure.web.servlet.MockMvcPrintOnlyOnFailureTestExecutionListener, org.springframework.boot.test.autoconfigure.web.servlet.WebDriverTestExecutionListener, org.springframework.boot.test.mock.mockito.MockitoTestExecutionListener, org.springframework.boot.test.mock.mockito.ResetMocksTestExecutionListener, org.springframework.test.context.web.ServletTestExecutionListener, org.springframework.test.context.support.DirtiesContextBeforeModesTestExecutionListener, org.springframework.test.context.support.DependencyInjectionTestExecutionListener, org.springframework.test.context.support.DirtiesContextTestExecutionListener, org.springframework.test.context.transaction.TransactionalTestExecutionListener, org.springframework.test.context.jdbc.SqlScriptsTestExecutionListener]
16:59:44.645 [Test worker] INFO org.springframework.boot.test.autoconfigure.web.servlet.WebMvcTestContextBootstrapper - Using TestExecutionListeners: [org.springframework.test.context.web.ServletTestExecutionListener@5ed1fcb3, org.springframework.test.context.support.DirtiesContextBeforeModesTestExecutionListener@7fee2cfc, org.springframework.boot.test.mock.mockito.MockitoTestExecutionListener@5d866bf1, org.springframework.boot.test.autoconfigure.SpringBootDependencyInjectionTestExecutionListener@1bc3b2d2, org.springframework.test.context.support.DirtiesContextTestExecutionListener@4a26f17d, org.springframework.test.context.transaction.TransactionalTestExecutionListener@4421bd09, org.springframework.test.context.jdbc.SqlScriptsTestExecutionListener@2a169f9f, org.springframework.security.test.context.support.WithSecurityContextTestExecutionListener@2cc5ed2d, org.springframework.security.test.context.support.ReactorContextTestExecutionListener@51154cd1, org.springframework.boot.test.autoconfigure.restdocs.RestDocsTestExecutionListener@18156a0f, org.springframework.boot.test.autoconfigure.web.client.MockRestServiceServerResetTestExecutionListener@661e4f5, org.springframework.boot.test.autoconfigure.web.servlet.MockMvcPrintOnlyOnFailureTestExecutionListener@54edd91, org.springframework.boot.test.autoconfigure.web.servlet.WebDriverTestExecutionListener@7e466a2d, org.springframework.boot.test.mock.mockito.ResetMocksTestExecutionListener@4db032f8]
16:59:44.647 [Test worker] DEBUG org.springframework.test.annotation.ProfileValueUtils - Retrieved @ProfileValueSourceConfiguration [null] for test class [com.leveloper.test.springboot.web.HelloControllerTest]
16:59:44.648 [Test worker] DEBUG org.springframework.test.annotation.ProfileValueUtils - Retrieved ProfileValueSource type [class org.springframework.test.annotation.SystemProfileValueSource] for class [com.leveloper.test.springboot.web.HelloControllerTest]
16:59:44.648 [Test worker] DEBUG org.springframework.test.annotation.ProfileValueUtils - Retrieved @ProfileValueSourceConfiguration [null] for test class [com.leveloper.test.springboot.web.HelloControllerTest]
16:59:44.648 [Test worker] DEBUG org.springframework.test.annotation.ProfileValueUtils - Retrieved ProfileValueSource type [class org.springframework.test.annotation.SystemProfileValueSource] for class [com.leveloper.test.springboot.web.HelloControllerTest]
16:59:44.651 [Test worker] DEBUG org.springframework.test.context.support.AbstractDirtiesContextTestExecutionListener - Before test class: context [DefaultTestContext@66d9d957 testClass = HelloControllerTest, testInstance = [null], testMethod = [null], testException = [null], mergedContextConfiguration = [WebMergedContextConfiguration@4d3348f8 testClass = HelloControllerTest, locations = '{}', classes = '{class com.leveloper.test.springboot.Application}', contextInitializerClasses = '[]', activeProfiles = '{}', propertySourceLocations = '{}', propertySourceProperties = '{org.springframework.boot.test.autoconfigure.web.servlet.WebMvcTestContextBootstrapper=true}', contextCustomizers = set[org.springframework.boot.test.autoconfigure.OverrideAutoConfigurationContextCustomizerFactory$DisableAutoConfigurationContextCustomizer@43299b0, org.springframework.boot.test.autoconfigure.filter.TypeExcludeFiltersContextCustomizer@bac839ba, org.springframework.boot.test.autoconfigure.properties.PropertyMappingContextCustomizer@e3dc1ae3, org.springframework.boot.test.autoconfigure.web.servlet.WebDriverContextCustomizerFactory$Customizer@27a5727a, [ImportsContextCustomizer@6c18ce94 key = [org.springframework.boot.autoconfigure.cache.CacheAutoConfiguration, org.springframework.boot.autoconfigure.context.MessageSourceAutoConfiguration, org.springframework.boot.autoconfigure.data.web.SpringDataWebAutoConfiguration, org.springframework.boot.autoconfigure.freemarker.FreeMarkerAutoConfiguration, org.springframework.boot.autoconfigure.groovy.template.GroovyTemplateAutoConfiguration, org.springframework.boot.autoconfigure.gson.GsonAutoConfiguration, org.springframework.boot.autoconfigure.hateoas.HypermediaAutoConfiguration, org.springframework.boot.autoconfigure.http.HttpMessageConvertersAutoConfiguration, org.springframework.boot.autoconfigure.jackson.JacksonAutoConfiguration, org.springframework.boot.autoconfigure.jsonb.JsonbAutoConfiguration, org.springframework.boot.autoconfigure.mustache.MustacheAutoConfiguration, org.springframework.boot.autoconfigure.task.TaskExecutionAutoConfiguration, org.springframework.boot.autoconfigure.thymeleaf.ThymeleafAutoConfiguration, org.springframework.boot.autoconfigure.validation.ValidationAutoConfiguration, org.springframework.boot.autoconfigure.web.servlet.error.ErrorMvcAutoConfiguration, org.springframework.boot.autoconfigure.web.servlet.WebMvcAutoConfiguration, org.springframework.boot.test.autoconfigure.web.servlet.MockMvcAutoConfiguration, org.springframework.boot.test.autoconfigure.web.servlet.MockMvcSecurityAutoConfiguration, org.springframework.boot.test.autoconfigure.web.servlet.MockMvcWebClientAutoConfiguration, org.springframework.boot.test.autoconfigure.web.servlet.MockMvcWebDriverAutoConfiguration]], org.springframework.boot.test.context.filter.ExcludeFilterContextCustomizer@73433b32, org.springframework.boot.test.json.DuplicateJsonObjectContextCustomizerFactory$DuplicateJsonObjectContextCustomizer@50d69edf, org.springframework.boot.test.mock.mockito.MockitoContextCustomizer@0], resourceBasePath = 'src/main/webapp', contextLoader = 'org.springframework.boot.test.context.SpringBootContextLoader', parent = [null]], attributes = map[[empty]]], class annotated with @DirtiesContext [false] with mode [null].
16:59:44.652 [Test worker] DEBUG org.springframework.test.annotation.ProfileValueUtils - Retrieved @ProfileValueSourceConfiguration [null] for test class [com.leveloper.test.springboot.web.HelloControllerTest]
16:59:44.652 [Test worker] DEBUG org.springframework.test.annotation.ProfileValueUtils - Retrieved ProfileValueSource type [class org.springframework.test.annotation.SystemProfileValueSource] for class [com.leveloper.test.springboot.web.HelloControllerTest]
16:59:44.656 [Test worker] DEBUG org.springframework.test.context.support.DependencyInjectionTestExecutionListener - Performing dependency injection for test context [[DefaultTestContext@66d9d957 testClass = HelloControllerTest, testInstance = com.leveloper.test.springboot.web.HelloControllerTest@3541b18c, testMethod = [null], testException = [null], mergedContextConfiguration = [WebMergedContextConfiguration@4d3348f8 testClass = HelloControllerTest, locations = '{}', classes = '{class com.leveloper.test.springboot.Application}', contextInitializerClasses = '[]', activeProfiles = '{}', propertySourceLocations = '{}', propertySourceProperties = '{org.springframework.boot.test.autoconfigure.web.servlet.WebMvcTestContextBootstrapper=true}', contextCustomizers = set[org.springframework.boot.test.autoconfigure.OverrideAutoConfigurationContextCustomizerFactory$DisableAutoConfigurationContextCustomizer@43299b0, org.springframework.boot.test.autoconfigure.filter.TypeExcludeFiltersContextCustomizer@bac839ba, org.springframework.boot.test.autoconfigure.properties.PropertyMappingContextCustomizer@e3dc1ae3, org.springframework.boot.test.autoconfigure.web.servlet.WebDriverContextCustomizerFactory$Customizer@27a5727a, [ImportsContextCustomizer@6c18ce94 key = [org.springframework.boot.autoconfigure.cache.CacheAutoConfiguration, org.springframework.boot.autoconfigure.context.MessageSourceAutoConfiguration, org.springframework.boot.autoconfigure.data.web.SpringDataWebAutoConfiguration, org.springframework.boot.autoconfigure.freemarker.FreeMarkerAutoConfiguration, org.springframework.boot.autoconfigure.groovy.template.GroovyTemplateAutoConfiguration, org.springframework.boot.autoconfigure.gson.GsonAutoConfiguration, org.springframework.boot.autoconfigure.hateoas.HypermediaAutoConfiguration, org.springframework.boot.autoconfigure.http.HttpMessageConvertersAutoConfiguration, org.springframework.boot.autoconfigure.jackson.JacksonAutoConfiguration, org.springframework.boot.autoconfigure.jsonb.JsonbAutoConfiguration, org.springframework.boot.autoconfigure.mustache.MustacheAutoConfiguration, org.springframework.boot.autoconfigure.task.TaskExecutionAutoConfiguration, org.springframework.boot.autoconfigure.thymeleaf.ThymeleafAutoConfiguration, org.springframework.boot.autoconfigure.validation.ValidationAutoConfiguration, org.springframework.boot.autoconfigure.web.servlet.error.ErrorMvcAutoConfiguration, org.springframework.boot.autoconfigure.web.servlet.WebMvcAutoConfiguration, org.springframework.boot.test.autoconfigure.web.servlet.MockMvcAutoConfiguration, org.springframework.boot.test.autoconfigure.web.servlet.MockMvcSecurityAutoConfiguration, org.springframework.boot.test.autoconfigure.web.servlet.MockMvcWebClientAutoConfiguration, org.springframework.boot.test.autoconfigure.web.servlet.MockMvcWebDriverAutoConfiguration]], org.springframework.boot.test.context.filter.ExcludeFilterContextCustomizer@73433b32, org.springframework.boot.test.json.DuplicateJsonObjectContextCustomizerFactory$DuplicateJsonObjectContextCustomizer@50d69edf, org.springframework.boot.test.mock.mockito.MockitoContextCustomizer@0], resourceBasePath = 'src/main/webapp', contextLoader = 'org.springframework.boot.test.context.SpringBootContextLoader', parent = [null]], attributes = map[[empty]]]].
16:59:44.741 [Test worker] DEBUG org.springframework.test.context.support.TestPropertySourceUtils - Adding inlined properties to environment: {spring.jmx.enabled=false, org.springframework.boot.test.autoconfigure.web.servlet.WebMvcTestContextBootstrapper=true, server.port=-1}

  .   ____          _            __ _ _
 /\\ / ___'_ __ _ _(_)_ __  __ _ \ \ \ \
( ( )\___ | '_ | '_| | '_ \/ _` | \ \ \ \
 \\/  ___)| |_)| | | | | || (_| |  ) ) ) )
  '  |____| .__|_| |_|_| |_\__, | / / / /
 =========|_|==============|___/=/_/_/_/
 :: Spring Boot ::        (v2.1.7.RELEASE)

2020-01-08 16:59:45.165  INFO 52934 --- [    Test worker] c.l.t.s.web.HelloControllerTest          : Starting HelloControllerTest on Hanbyeolui-MacBook-Pro.local with PID 52934 (started by sanghyun in /Users/sanghyun/project/spring_boot_tutorial)
2020-01-08 16:59:45.169  INFO 52934 --- [    Test worker] c.l.t.s.web.HelloControllerTest          : No active profile set, falling back to default profiles: default
2020-01-08 16:59:46.446  INFO 52934 --- [    Test worker] o.s.s.concurrent.ThreadPoolTaskExecutor  : Initializing ExecutorService 'applicationTaskExecutor'
2020-01-08 16:59:46.541  INFO 52934 --- [    Test worker] o.s.b.a.w.s.WelcomePageHandlerMapping    : Adding welcome page template: index
2020-01-08 16:59:46.809  INFO 52934 --- [    Test worker] .s.s.UserDetailsServiceAutoConfiguration : 

Using generated security password: e7e4a840-c5f6-403e-a953-95844c91a2e1

2020-01-08 16:59:46.942  INFO 52934 --- [    Test worker] o.s.s.web.DefaultSecurityFilterChain     : Creating filter chain: any request, [org.springframework.security.web.context.request.async.WebAsyncManagerIntegrationFilter@3eb136f6, org.springframework.security.web.context.SecurityContextPersistenceFilter@55eb166f, org.springframework.security.web.header.HeaderWriterFilter@5d179b10, org.springframework.security.web.csrf.CsrfFilter@5925e70a, org.springframework.security.web.authentication.logout.LogoutFilter@25ee3776, org.springframework.security.web.authentication.UsernamePasswordAuthenticationFilter@46584b2d, org.springframework.security.web.authentication.ui.DefaultLoginPageGeneratingFilter@7a8edf6c, org.springframework.security.web.authentication.ui.DefaultLogoutPageGeneratingFilter@f1fea61, org.springframework.security.web.authentication.www.BasicAuthenticationFilter@6b567204, org.springframework.security.web.savedrequest.RequestCacheAwareFilter@17eeb384, org.springframework.security.web.servletapi.SecurityContextHolderAwareRequestFilter@3f90dd20, org.springframework.security.web.authentication.AnonymousAuthenticationFilter@12ef871f, org.springframework.security.web.session.SessionManagementFilter@6c09eab8, org.springframework.security.web.access.ExceptionTranslationFilter@711c0b2d, org.springframework.security.web.access.intercept.FilterSecurityInterceptor@4508bc94]
2020-01-08 16:59:46.977  INFO 52934 --- [    Test worker] o.s.b.t.m.w.SpringBootMockServletContext : Initializing Spring TestDispatcherServlet ''
2020-01-08 16:59:46.977  INFO 52934 --- [    Test worker] o.s.t.web.servlet.TestDispatcherServlet  : Initializing Servlet ''
2020-01-08 16:59:46.988  INFO 52934 --- [    Test worker] o.s.t.web.servlet.TestDispatcherServlet  : Completed initialization in 11 ms
2020-01-08 16:59:47.027  INFO 52934 --- [    Test worker] c.l.t.s.web.HelloControllerTest          : Started HelloControllerTest in 2.277 seconds (JVM running for 3.157)
]]></system-out>
  <system-err><![CDATA[]]></system-err>
</testsuite>
