<?xml version="1.0" encoding="UTF-8"?>
<testsuite name="com.leveloper.test.springboot.web.dto.HelloResponseDtoTest" tests="1" skipped="0" failures="0" errors="0" timestamp="2020-01-10T08:10:42" hostname="Hanbyeolui-MacBook-Pro.local" time="0.053">
  <properties/>
  <testcase name="롬복_기능_테스트" classname="com.leveloper.test.springboot.web.dto.HelloResponseDtoTest" time="0.053"/>
  <system-out><![CDATA[]]></system-out>
  <system-err><![CDATA[]]></system-err>
</testsuite>
