<?xml version="1.0" encoding="UTF-8"?>
<testsuite name="com.leveloper.test.springboot.web.HelloControllerTest" tests="2" skipped="0" failures="0" errors="0" timestamp="2020-01-06T08:12:27" hostname="Hanbyeolui-MacBook-Pro.local" time="0.442">
  <properties/>
  <testcase name="hello가_리턴된다" classname="com.leveloper.test.springboot.web.HelloControllerTest" time="0.385"/>
  <testcase name="helloDto가_리턴된다" classname="com.leveloper.test.springboot.web.HelloControllerTest" time="0.056"/>
  <system-out><![CDATA[17:12:25.432 [Test worker] DEBUG org.springframework.test.context.junit4.SpringJUnit4ClassRunner - SpringJUnit4ClassRunner constructor called with [class com.leveloper.test.springboot.web.HelloControllerTest]
17:12:25.440 [Test worker] DEBUG org.springframework.test.context.BootstrapUtils - Instantiating CacheAwareContextLoaderDelegate from class [org.springframework.test.context.cache.DefaultCacheAwareContextLoaderDelegate]
17:12:25.445 [Test worker] DEBUG org.springframework.test.context.BootstrapUtils - Instantiating BootstrapContext using constructor [public org.springframework.test.context.support.DefaultBootstrapContext(java.lang.Class,org.springframework.test.context.CacheAwareContextLoaderDelegate)]
17:12:25.460 [Test worker] DEBUG org.springframework.test.context.BootstrapUtils - Instantiating TestContextBootstrapper for test class [com.leveloper.test.springboot.web.HelloControllerTest] from class [org.springframework.boot.test.autoconfigure.web.servlet.WebMvcTestContextBootstrapper]
17:12:25.473 [Test worker] INFO org.springframework.boot.test.autoconfigure.web.servlet.WebMvcTestContextBootstrapper - Neither @ContextConfiguration nor @ContextHierarchy found for test class [com.leveloper.test.springboot.web.HelloControllerTest], using SpringBootContextLoader
17:12:25.476 [Test worker] DEBUG org.springframework.test.context.support.AbstractContextLoader - Did not detect default resource location for test class [com.leveloper.test.springboot.web.HelloControllerTest]: class path resource [com/leveloper/test/springboot/web/HelloControllerTest-context.xml] does not exist
17:12:25.477 [Test worker] DEBUG org.springframework.test.context.support.AbstractContextLoader - Did not detect default resource location for test class [com.leveloper.test.springboot.web.HelloControllerTest]: class path resource [com/leveloper/test/springboot/web/HelloControllerTestContext.groovy] does not exist
17:12:25.477 [Test worker] INFO org.springframework.test.context.support.AbstractContextLoader - Could not detect default resource locations for test class [com.leveloper.test.springboot.web.HelloControllerTest]: no resource found for suffixes {-context.xml, Context.groovy}.
17:12:25.478 [Test worker] INFO org.springframework.test.context.support.AnnotationConfigContextLoaderUtils - Could not detect default configuration classes for test class [com.leveloper.test.springboot.web.HelloControllerTest]: HelloControllerTest does not declare any static, non-private, non-final, nested classes annotated with @Configuration.
17:12:25.538 [Test worker] DEBUG org.springframework.test.context.support.ActiveProfilesUtils - Could not find an 'annotation declaring class' for annotation type [org.springframework.test.context.ActiveProfiles] and class [com.leveloper.test.springboot.web.HelloControllerTest]
17:12:25.594 [Test worker] DEBUG org.springframework.context.annotation.ClassPathScanningCandidateComponentProvider - Identified candidate component class: file [/Users/sanghyun/project/test/build/classes/java/main/com/leveloper/test/springboot/Application.class]
17:12:25.594 [Test worker] INFO org.springframework.boot.test.context.SpringBootTestContextBootstrapper - Found @SpringBootConfiguration com.leveloper.test.springboot.Application for test class com.leveloper.test.springboot.web.HelloControllerTest
17:12:25.596 [Test worker] DEBUG org.springframework.boot.test.autoconfigure.web.servlet.WebMvcTestContextBootstrapper - @TestExecutionListeners is not present for class [com.leveloper.test.springboot.web.HelloControllerTest]: using defaults.
17:12:25.596 [Test worker] INFO org.springframework.boot.test.autoconfigure.web.servlet.WebMvcTestContextBootstrapper - Loaded default TestExecutionListener class names from location [META-INF/spring.factories]: [org.springframework.security.test.context.support.WithSecurityContextTestExecutionListener, org.springframework.security.test.context.support.ReactorContextTestExecutionListener, org.springframework.boot.test.autoconfigure.restdocs.RestDocsTestExecutionListener, org.springframework.boot.test.autoconfigure.web.client.MockRestServiceServerResetTestExecutionListener, org.springframework.boot.test.autoconfigure.web.servlet.MockMvcPrintOnlyOnFailureTestExecutionListener, org.springframework.boot.test.autoconfigure.web.servlet.WebDriverTestExecutionListener, org.springframework.boot.test.mock.mockito.MockitoTestExecutionListener, org.springframework.boot.test.mock.mockito.ResetMocksTestExecutionListener, org.springframework.test.context.web.ServletTestExecutionListener, org.springframework.test.context.support.DirtiesContextBeforeModesTestExecutionListener, org.springframework.test.context.support.DependencyInjectionTestExecutionListener, org.springframework.test.context.support.DirtiesContextTestExecutionListener, org.springframework.test.context.transaction.TransactionalTestExecutionListener, org.springframework.test.context.jdbc.SqlScriptsTestExecutionListener]
17:12:25.610 [Test worker] INFO org.springframework.boot.test.autoconfigure.web.servlet.WebMvcTestContextBootstrapper - Using TestExecutionListeners: [org.springframework.test.context.web.ServletTestExecutionListener@6372687b, org.springframework.test.context.support.DirtiesContextBeforeModesTestExecutionListener@78bbf38c, org.springframework.boot.test.mock.mockito.MockitoTestExecutionListener@4e7d6aac, org.springframework.boot.test.autoconfigure.SpringBootDependencyInjectionTestExecutionListener@44f3fc69, org.springframework.test.context.support.DirtiesContextTestExecutionListener@34b2653c, org.springframework.test.context.transaction.TransactionalTestExecutionListener@1332c7b5, org.springframework.test.context.jdbc.SqlScriptsTestExecutionListener@36bfe775, org.springframework.security.test.context.support.WithSecurityContextTestExecutionListener@6df4557f, org.springframework.security.test.context.support.ReactorContextTestExecutionListener@4a485678, org.springframework.boot.test.autoconfigure.restdocs.RestDocsTestExecutionListener@4fc22feb, org.springframework.boot.test.autoconfigure.web.client.MockRestServiceServerResetTestExecutionListener@60fed29, org.springframework.boot.test.autoconfigure.web.servlet.MockMvcPrintOnlyOnFailureTestExecutionListener@491f1f3a, org.springframework.boot.test.autoconfigure.web.servlet.WebDriverTestExecutionListener@416c7bf7, org.springframework.boot.test.mock.mockito.ResetMocksTestExecutionListener@1f8fa946]
17:12:25.612 [Test worker] DEBUG org.springframework.test.annotation.ProfileValueUtils - Retrieved @ProfileValueSourceConfiguration [null] for test class [com.leveloper.test.springboot.web.HelloControllerTest]
17:12:25.613 [Test worker] DEBUG org.springframework.test.annotation.ProfileValueUtils - Retrieved ProfileValueSource type [class org.springframework.test.annotation.SystemProfileValueSource] for class [com.leveloper.test.springboot.web.HelloControllerTest]
17:12:25.613 [Test worker] DEBUG org.springframework.test.annotation.ProfileValueUtils - Retrieved @ProfileValueSourceConfiguration [null] for test class [com.leveloper.test.springboot.web.HelloControllerTest]
17:12:25.614 [Test worker] DEBUG org.springframework.test.annotation.ProfileValueUtils - Retrieved ProfileValueSource type [class org.springframework.test.annotation.SystemProfileValueSource] for class [com.leveloper.test.springboot.web.HelloControllerTest]
17:12:25.618 [Test worker] DEBUG org.springframework.test.context.support.AbstractDirtiesContextTestExecutionListener - Before test class: context [DefaultTestContext@7af257ff testClass = HelloControllerTest, testInstance = [null], testMethod = [null], testException = [null], mergedContextConfiguration = [WebMergedContextConfiguration@2c4c9ef8 testClass = HelloControllerTest, locations = '{}', classes = '{class com.leveloper.test.springboot.Application}', contextInitializerClasses = '[]', activeProfiles = '{}', propertySourceLocations = '{}', propertySourceProperties = '{org.springframework.boot.test.autoconfigure.web.servlet.WebMvcTestContextBootstrapper=true}', contextCustomizers = set[org.springframework.boot.test.autoconfigure.OverrideAutoConfigurationContextCustomizerFactory$DisableAutoConfigurationContextCustomizer@2cfa5802, org.springframework.boot.test.autoconfigure.filter.TypeExcludeFiltersContextCustomizer@767433ff, org.springframework.boot.test.autoconfigure.properties.PropertyMappingContextCustomizer@ba19fc09, org.springframework.boot.test.autoconfigure.web.servlet.WebDriverContextCustomizerFactory$Customizer@73289ef1, [ImportsContextCustomizer@58324335 key = [org.springframework.boot.autoconfigure.cache.CacheAutoConfiguration, org.springframework.boot.autoconfigure.context.MessageSourceAutoConfiguration, org.springframework.boot.autoconfigure.data.web.SpringDataWebAutoConfiguration, org.springframework.boot.autoconfigure.freemarker.FreeMarkerAutoConfiguration, org.springframework.boot.autoconfigure.groovy.template.GroovyTemplateAutoConfiguration, org.springframework.boot.autoconfigure.gson.GsonAutoConfiguration, org.springframework.boot.autoconfigure.hateoas.HypermediaAutoConfiguration, org.springframework.boot.autoconfigure.http.HttpMessageConvertersAutoConfiguration, org.springframework.boot.autoconfigure.jackson.JacksonAutoConfiguration, org.springframework.boot.autoconfigure.jsonb.JsonbAutoConfiguration, org.springframework.boot.autoconfigure.mustache.MustacheAutoConfiguration, org.springframework.boot.autoconfigure.task.TaskExecutionAutoConfiguration, org.springframework.boot.autoconfigure.thymeleaf.ThymeleafAutoConfiguration, org.springframework.boot.autoconfigure.validation.ValidationAutoConfiguration, org.springframework.boot.autoconfigure.web.servlet.error.ErrorMvcAutoConfiguration, org.springframework.boot.autoconfigure.web.servlet.WebMvcAutoConfiguration, org.springframework.boot.test.autoconfigure.web.servlet.MockMvcAutoConfiguration, org.springframework.boot.test.autoconfigure.web.servlet.MockMvcSecurityAutoConfiguration, org.springframework.boot.test.autoconfigure.web.servlet.MockMvcWebClientAutoConfiguration, org.springframework.boot.test.autoconfigure.web.servlet.MockMvcWebDriverAutoConfiguration]], org.springframework.boot.test.context.filter.ExcludeFilterContextCustomizer@2ebeaaa8, org.springframework.boot.test.json.DuplicateJsonObjectContextCustomizerFactory$DuplicateJsonObjectContextCustomizer@3142b906, org.springframework.boot.test.mock.mockito.MockitoContextCustomizer@0], resourceBasePath = 'src/main/webapp', contextLoader = 'org.springframework.boot.test.context.SpringBootContextLoader', parent = [null]], attributes = map[[empty]]], class annotated with @DirtiesContext [false] with mode [null].
17:12:25.619 [Test worker] DEBUG org.springframework.test.annotation.ProfileValueUtils - Retrieved @ProfileValueSourceConfiguration [null] for test class [com.leveloper.test.springboot.web.HelloControllerTest]
17:12:25.619 [Test worker] DEBUG org.springframework.test.annotation.ProfileValueUtils - Retrieved ProfileValueSource type [class org.springframework.test.annotation.SystemProfileValueSource] for class [com.leveloper.test.springboot.web.HelloControllerTest]
17:12:25.623 [Test worker] DEBUG org.springframework.test.context.support.DependencyInjectionTestExecutionListener - Performing dependency injection for test context [[DefaultTestContext@7af257ff testClass = HelloControllerTest, testInstance = com.leveloper.test.springboot.web.HelloControllerTest@6796abd4, testMethod = [null], testException = [null], mergedContextConfiguration = [WebMergedContextConfiguration@2c4c9ef8 testClass = HelloControllerTest, locations = '{}', classes = '{class com.leveloper.test.springboot.Application}', contextInitializerClasses = '[]', activeProfiles = '{}', propertySourceLocations = '{}', propertySourceProperties = '{org.springframework.boot.test.autoconfigure.web.servlet.WebMvcTestContextBootstrapper=true}', contextCustomizers = set[org.springframework.boot.test.autoconfigure.OverrideAutoConfigurationContextCustomizerFactory$DisableAutoConfigurationContextCustomizer@2cfa5802, org.springframework.boot.test.autoconfigure.filter.TypeExcludeFiltersContextCustomizer@767433ff, org.springframework.boot.test.autoconfigure.properties.PropertyMappingContextCustomizer@ba19fc09, org.springframework.boot.test.autoconfigure.web.servlet.WebDriverContextCustomizerFactory$Customizer@73289ef1, [ImportsContextCustomizer@58324335 key = [org.springframework.boot.autoconfigure.cache.CacheAutoConfiguration, org.springframework.boot.autoconfigure.context.MessageSourceAutoConfiguration, org.springframework.boot.autoconfigure.data.web.SpringDataWebAutoConfiguration, org.springframework.boot.autoconfigure.freemarker.FreeMarkerAutoConfiguration, org.springframework.boot.autoconfigure.groovy.template.GroovyTemplateAutoConfiguration, org.springframework.boot.autoconfigure.gson.GsonAutoConfiguration, org.springframework.boot.autoconfigure.hateoas.HypermediaAutoConfiguration, org.springframework.boot.autoconfigure.http.HttpMessageConvertersAutoConfiguration, org.springframework.boot.autoconfigure.jackson.JacksonAutoConfiguration, org.springframework.boot.autoconfigure.jsonb.JsonbAutoConfiguration, org.springframework.boot.autoconfigure.mustache.MustacheAutoConfiguration, org.springframework.boot.autoconfigure.task.TaskExecutionAutoConfiguration, org.springframework.boot.autoconfigure.thymeleaf.ThymeleafAutoConfiguration, org.springframework.boot.autoconfigure.validation.ValidationAutoConfiguration, org.springframework.boot.autoconfigure.web.servlet.error.ErrorMvcAutoConfiguration, org.springframework.boot.autoconfigure.web.servlet.WebMvcAutoConfiguration, org.springframework.boot.test.autoconfigure.web.servlet.MockMvcAutoConfiguration, org.springframework.boot.test.autoconfigure.web.servlet.MockMvcSecurityAutoConfiguration, org.springframework.boot.test.autoconfigure.web.servlet.MockMvcWebClientAutoConfiguration, org.springframework.boot.test.autoconfigure.web.servlet.MockMvcWebDriverAutoConfiguration]], org.springframework.boot.test.context.filter.ExcludeFilterContextCustomizer@2ebeaaa8, org.springframework.boot.test.json.DuplicateJsonObjectContextCustomizerFactory$DuplicateJsonObjectContextCustomizer@3142b906, org.springframework.boot.test.mock.mockito.MockitoContextCustomizer@0], resourceBasePath = 'src/main/webapp', contextLoader = 'org.springframework.boot.test.context.SpringBootContextLoader', parent = [null]], attributes = map[[empty]]]].
17:12:25.699 [Test worker] DEBUG org.springframework.test.context.support.TestPropertySourceUtils - Adding inlined properties to environment: {spring.jmx.enabled=false, org.springframework.boot.test.autoconfigure.web.servlet.WebMvcTestContextBootstrapper=true, server.port=-1}

  .   ____          _            __ _ _
 /\\ / ___'_ __ _ _(_)_ __  __ _ \ \ \ \
( ( )\___ | '_ | '_| | '_ \/ _` | \ \ \ \
 \\/  ___)| |_)| | | | | || (_| |  ) ) ) )
  '  |____| .__|_| |_|_| |_\__, | / / / /
 =========|_|==============|___/=/_/_/_/
 :: Spring Boot ::        (v2.1.7.RELEASE)

2020-01-06 17:12:26.174  INFO 49898 --- [    Test worker] c.l.t.s.web.HelloControllerTest          : Starting HelloControllerTest on Hanbyeolui-MacBook-Pro.local with PID 49898 (started by sanghyun in /Users/sanghyun/project/test)
2020-01-06 17:12:26.179  INFO 49898 --- [    Test worker] c.l.t.s.web.HelloControllerTest          : No active profile set, falling back to default profiles: default
2020-01-06 17:12:27.301  INFO 49898 --- [    Test worker] o.s.s.concurrent.ThreadPoolTaskExecutor  : Initializing ExecutorService 'applicationTaskExecutor'
2020-01-06 17:12:27.386  INFO 49898 --- [    Test worker] o.s.b.a.w.s.WelcomePageHandlerMapping    : Adding welcome page template: index
2020-01-06 17:12:27.617  INFO 49898 --- [    Test worker] .s.s.UserDetailsServiceAutoConfiguration : 

Using generated security password: e57d3f9f-539b-48ec-9fb4-bbf2607a53f4

2020-01-06 17:12:27.737  INFO 49898 --- [    Test worker] o.s.s.web.DefaultSecurityFilterChain     : Creating filter chain: any request, [org.springframework.security.web.context.request.async.WebAsyncManagerIntegrationFilter@79a77eb7, org.springframework.security.web.context.SecurityContextPersistenceFilter@16792fc1, org.springframework.security.web.header.HeaderWriterFilter@2a7f94bc, org.springframework.security.web.csrf.CsrfFilter@172e579e, org.springframework.security.web.authentication.logout.LogoutFilter@4b4f1624, org.springframework.security.web.authentication.UsernamePasswordAuthenticationFilter@19958609, org.springframework.security.web.authentication.ui.DefaultLoginPageGeneratingFilter@3af4aa58, org.springframework.security.web.authentication.ui.DefaultLogoutPageGeneratingFilter@64e3545d, org.springframework.security.web.authentication.www.BasicAuthenticationFilter@25a4e6ac, org.springframework.security.web.savedrequest.RequestCacheAwareFilter@2fe7f026, org.springframework.security.web.servletapi.SecurityContextHolderAwareRequestFilter@60955c41, org.springframework.security.web.authentication.AnonymousAuthenticationFilter@63edcd82, org.springframework.security.web.session.SessionManagementFilter@51a1b394, org.springframework.security.web.access.ExceptionTranslationFilter@30e4baa7, org.springframework.security.web.access.intercept.FilterSecurityInterceptor@5f3051ee]
2020-01-06 17:12:27.771  INFO 49898 --- [    Test worker] o.s.b.t.m.w.SpringBootMockServletContext : Initializing Spring TestDispatcherServlet ''
2020-01-06 17:12:27.771  INFO 49898 --- [    Test worker] o.s.t.web.servlet.TestDispatcherServlet  : Initializing Servlet ''
2020-01-06 17:12:27.782  INFO 49898 --- [    Test worker] o.s.t.web.servlet.TestDispatcherServlet  : Completed initialization in 11 ms
2020-01-06 17:12:27.818  INFO 49898 --- [    Test worker] c.l.t.s.web.HelloControllerTest          : Started HelloControllerTest in 2.111 seconds (JVM running for 2.898)
]]></system-out>
  <system-err><![CDATA[]]></system-err>
</testsuite>
