<?xml version="1.0" encoding="UTF-8"?>
<testsuite name="com.leveloper.test.springboot.web.PostsApiControllerTest" tests="2" skipped="0" failures="0" errors="0" timestamp="2020-01-06T08:12:31" hostname="Hanbyeolui-MacBook-Pro.local" time="0.17">
  <properties/>
  <testcase name="Posts_등록된다" classname="com.leveloper.test.springboot.web.PostsApiControllerTest" time="0.135"/>
  <testcase name="Posts_수정된다" classname="com.leveloper.test.springboot.web.PostsApiControllerTest" time="0.034"/>
  <system-out><![CDATA[2020-01-06 17:12:31.788  INFO 49898 --- [    Test worker] .b.t.c.SpringBootTestContextBootstrapper : Neither @ContextConfiguration nor @ContextHierarchy found for test class [com.leveloper.test.springboot.web.PostsApiControllerTest], using SpringBootContextLoader
2020-01-06 17:12:31.789  INFO 49898 --- [    Test worker] o.s.t.c.support.AbstractContextLoader    : Could not detect default resource locations for test class [com.leveloper.test.springboot.web.PostsApiControllerTest]: no resource found for suffixes {-context.xml, Context.groovy}.
2020-01-06 17:12:31.790  INFO 49898 --- [    Test worker] t.c.s.AnnotationConfigContextLoaderUtils : Could not detect default configuration classes for test class [com.leveloper.test.springboot.web.PostsApiControllerTest]: PostsApiControllerTest does not declare any static, non-private, non-final, nested classes annotated with @Configuration.
2020-01-06 17:12:31.791  INFO 49898 --- [    Test worker] .b.t.c.SpringBootTestContextBootstrapper : Found @SpringBootConfiguration com.leveloper.test.springboot.Application for test class com.leveloper.test.springboot.web.PostsApiControllerTest
2020-01-06 17:12:31.792  INFO 49898 --- [    Test worker] .b.t.c.SpringBootTestContextBootstrapper : Loaded default TestExecutionListener class names from location [META-INF/spring.factories]: [org.springframework.security.test.context.support.WithSecurityContextTestExecutionListener, org.springframework.security.test.context.support.ReactorContextTestExecutionListener, org.springframework.boot.test.autoconfigure.restdocs.RestDocsTestExecutionListener, org.springframework.boot.test.autoconfigure.web.client.MockRestServiceServerResetTestExecutionListener, org.springframework.boot.test.autoconfigure.web.servlet.MockMvcPrintOnlyOnFailureTestExecutionListener, org.springframework.boot.test.autoconfigure.web.servlet.WebDriverTestExecutionListener, org.springframework.boot.test.mock.mockito.MockitoTestExecutionListener, org.springframework.boot.test.mock.mockito.ResetMocksTestExecutionListener, org.springframework.test.context.web.ServletTestExecutionListener, org.springframework.test.context.support.DirtiesContextBeforeModesTestExecutionListener, org.springframework.test.context.support.DependencyInjectionTestExecutionListener, org.springframework.test.context.support.DirtiesContextTestExecutionListener, org.springframework.test.context.transaction.TransactionalTestExecutionListener, org.springframework.test.context.jdbc.SqlScriptsTestExecutionListener]
2020-01-06 17:12:31.793  INFO 49898 --- [    Test worker] .b.t.c.SpringBootTestContextBootstrapper : Using TestExecutionListeners: [org.springframework.test.context.web.ServletTestExecutionListener@5c24e8cd, org.springframework.test.context.support.DirtiesContextBeforeModesTestExecutionListener@6a99924b, org.springframework.boot.test.mock.mockito.MockitoTestExecutionListener@5933723b, org.springframework.boot.test.autoconfigure.SpringBootDependencyInjectionTestExecutionListener@378e101d, org.springframework.test.context.support.DirtiesContextTestExecutionListener@4c17f4a1, org.springframework.test.context.transaction.TransactionalTestExecutionListener@6a3a2ca2, org.springframework.test.context.jdbc.SqlScriptsTestExecutionListener@28da3974, org.springframework.security.test.context.support.WithSecurityContextTestExecutionListener@6f93da8a, org.springframework.security.test.context.support.ReactorContextTestExecutionListener@1c528925, org.springframework.boot.test.autoconfigure.restdocs.RestDocsTestExecutionListener@2736f931, org.springframework.boot.test.autoconfigure.web.client.MockRestServiceServerResetTestExecutionListener@5e5e653a, org.springframework.boot.test.autoconfigure.web.servlet.MockMvcPrintOnlyOnFailureTestExecutionListener@2f68b3f1, org.springframework.boot.test.autoconfigure.web.servlet.WebDriverTestExecutionListener@277b1c98, org.springframework.boot.test.mock.mockito.ResetMocksTestExecutionListener@37948637]
2020-01-06 17:12:31.801  INFO 49898 --- [    Test worker] o.a.c.c.C.[Tomcat].[localhost].[/]       : Initializing Spring TestDispatcherServlet ''
2020-01-06 17:12:31.802  INFO 49898 --- [    Test worker] o.s.t.web.servlet.TestDispatcherServlet  : Initializing Servlet ''
2020-01-06 17:12:31.804  INFO 49898 --- [    Test worker] o.s.t.web.servlet.TestDispatcherServlet  : Completed initialization in 2 ms
Hibernate: insert into posts (create_date, modified_date, author, content, title) values (?, ?, ?, ?, ?)
Hibernate: select posts0_.id as id1_0_, posts0_.create_date as create_d2_0_, posts0_.modified_date as modified3_0_, posts0_.author as author4_0_, posts0_.content as content5_0_, posts0_.title as title6_0_ from posts posts0_
Hibernate: select posts0_.id as id1_0_, posts0_.create_date as create_d2_0_, posts0_.modified_date as modified3_0_, posts0_.author as author4_0_, posts0_.content as content5_0_, posts0_.title as title6_0_ from posts posts0_
Hibernate: delete from posts where id=?
2020-01-06 17:12:31.934  INFO 49898 --- [    Test worker] o.a.c.c.C.[Tomcat].[localhost].[/]       : Initializing Spring TestDispatcherServlet ''
2020-01-06 17:12:31.934  INFO 49898 --- [    Test worker] o.s.t.web.servlet.TestDispatcherServlet  : Initializing Servlet ''
2020-01-06 17:12:31.936  INFO 49898 --- [    Test worker] o.s.t.web.servlet.TestDispatcherServlet  : Completed initialization in 2 ms
Hibernate: insert into posts (create_date, modified_date, author, content, title) values (?, ?, ?, ?, ?)
Hibernate: select posts0_.id as id1_0_0_, posts0_.create_date as create_d2_0_0_, posts0_.modified_date as modified3_0_0_, posts0_.author as author4_0_0_, posts0_.content as content5_0_0_, posts0_.title as title6_0_0_ from posts posts0_ where posts0_.id=?
Hibernate: update posts set create_date=?, modified_date=?, author=?, content=?, title=? where id=?
Hibernate: select posts0_.id as id1_0_, posts0_.create_date as create_d2_0_, posts0_.modified_date as modified3_0_, posts0_.author as author4_0_, posts0_.content as content5_0_, posts0_.title as title6_0_ from posts posts0_
Hibernate: select posts0_.id as id1_0_, posts0_.create_date as create_d2_0_, posts0_.modified_date as modified3_0_, posts0_.author as author4_0_, posts0_.content as content5_0_, posts0_.title as title6_0_ from posts posts0_
Hibernate: delete from posts where id=?
]]></system-out>
  <system-err><![CDATA[]]></system-err>
</testsuite>
